#
# A fatal error has been detected by the Java Runtime Environment:
#
#  EXCEPTION_ACCESS_VIOLATION (0xc0000005) at pc=0x000000006a48b822, pid=6440, tid=0x0000000000002d4c
#
# JRE version: OpenJDK Runtime Environment (8.0_242-b01) (build 1.8.0_242-release-1644-b01)
# Java VM: OpenJDK 64-Bit Server VM (25.242-b01 mixed mode windows-amd64 compressed oops)
# Problematic frame:
# V  [jvm.dll+0x8b822]
#
# Failed to write core dump. Minidumps are not enabled by default on client versions of Windows
#
# If you would like to submit a bug report, please visit:
#   
#

---------------  T H R E A D  ---------------

Current thread (0x000000000260c800):  GCTaskThread [stack: 0x00000000122c0000,0x00000000123c0000] [id=11596]

siginfo: ExceptionCode=0xc0000005, reading address 0x00000000000000e8

Registers:
RAX=0x0000000000000000, RBX=0x00000000e97a1670, RCX=0x0000000100017a30, RDX=0x00000000e97a1670
RSP=0x00000000123bf358, RBP=0x0000000011ae9181, RSI=0x00000000026dcac0, RDI=0x00000000a7226470
R8 =0x0000000000000005, R9 =0x0000000100017a30, R10=0x0000000000000008, R11=0x00000000ed36fff0
R12=0x0000000011ae9102, R13=0x0000000000000115, R14=0x0000000000000000, R15=0x00000000025fe730
RIP=0x000000006a48b822, EFLAGS=0x0000000000010202

Top of Stack: (sp=0x00000000123bf358)
0x00000000123bf358:   000000006a7d27b2 00000000e97a1658
0x00000000123bf368:   0000000000000003 00000000026dcac0
0x00000000123bf378:   00000000058b3410 00000000ed368000
0x00000000123bf388:   0000000000001000 00000000a7f6abf0
0x00000000123bf398:   0000000000000400 0000000000000000
0x00000000123bf3a8:   00000000026dca00 0000000011ae9102
0x00000000123bf3b8:   000000006a7d2b20 00000000ed3683f8
0x00000000123bf3c8:   0000000011ae9181 00000000026dcac0
0x00000000123bf3d8:   00000000a7226470 00000000ed3683f8
0x00000000123bf3e8:   000000006a7d36c5 00000000e96a38c8
0x00000000123bf3f8:   0000000011ae9181 00000000026dcac0
0x00000000123bf408:   0000000000000005 00000000026dcac0
0x00000000123bf418:   00000000123bf3a0 0000000000000000
0x00000000123bf428:   000000006a4efcc7 00000000026dcac0
0x00000000123bf438:   000000006a4ee3a3 00000000a34e3e39
0x00000000123bf448:   00000000a34e3e39 00000000a7226310 

Instructions: (pc=0x000000006a48b822)
0x000000006a48b802:   e2 49 8d 0c 11 49 f7 d1 48 03 c1 49 c1 e9 03 48
0x000000006a48b812:   c1 e8 03 41 23 c1 c3 48 8b 02 48 8b d1 49 8b c9
0x000000006a48b822:   48 ff a0 e8 00 00 00 cc cc cc cc cc cc cc 80 3d
0x000000006a48b832:   1a 97 73 00 00 48 8b c1 74 1b 8b 51 08 8b 0d 73 


Register to memory mapping:

RAX=0x0000000000000000 is an unknown value
RBX=0x00000000e97a1670 is an oop

[error occurred during error reporting (printing register info), id 0xc0000005]

Stack: [0x00000000122c0000,0x00000000123c0000],  sp=0x00000000123bf358,  free space=1020k
Native frames: (J=compiled Java code, j=interpreted, Vv=VM code, C=native code)
V  [jvm.dll+0x8b822]


---------------  P R O C E S S  ---------------

Java Threads: ( => current thread )
  0x000000001da4e800 JavaThread "Cache worker for Build Output Cleanup Cache (C:\Users\Aw-tish pun\OneDrive\SOFTWARE ENGINEERING\CinemaEra\.gradle\buildOutputCleanup)" [_thread_blocked, id=16904, stack(0x00000000205f0000,0x00000000206f0000)]
  0x000000001da47000 JavaThread "Build operations Thread 4" [_thread_blocked, id=10076, stack(0x00000000204f0000,0x00000000205f0000)]
  0x000000001da4a800 JavaThread "Build operations Thread 3" [_thread_blocked, id=15260, stack(0x00000000203f0000,0x00000000204f0000)]
  0x000000001da48800 JavaThread "Build operations Thread 2" [_thread_blocked, id=16740, stack(0x00000000202f0000,0x00000000203f0000)]
  0x000000001da4c000 JavaThread "Build operations" [_thread_blocked, id=1400, stack(0x000000001ff90000,0x0000000020090000)]
  0x000000001a3c7800 JavaThread "Cache worker for cache directory md-rule (C:\Users\Aw-tish pun\.gradle\caches\5.1.1\md-rule)" [_thread_blocked, id=13976, stack(0x000000001fb90000,0x000000001fc90000)]
  0x000000001a3c7000 JavaThread "Cache worker for cache directory md-supplier (C:\Users\Aw-tish pun\.gradle\caches\5.1.1\md-supplier)" [_thread_blocked, id=9732, stack(0x000000001cda0000,0x000000001cea0000)]
  0x000000001a3c3800 JavaThread "Cache worker for file hash cache (C:\Users\Aw-tish pun\OneDrive\SOFTWARE ENGINEERING\CinemaEra\.gradle\5.1.1\fileHashes)" [_thread_blocked, id=15188, stack(0x000000001b7d0000,0x000000001b8d0000)]
  0x000000001a3c5800 JavaThread "Thread-578" [_thread_blocked, id=18784, stack(0x000000001b4d0000,0x000000001b5d0000)]
  0x000000001a3bd800 JavaThread "Stdin handler" [_thread_blocked, id=16656, stack(0x000000001b3d0000,0x000000001b4d0000)]
  0x000000001a3c4800 JavaThread "Asynchronous log dispatcher for DefaultDaemonConnection: socket connection from /127.0.0.1:54366 to /127.0.0.1:55150" [_thread_blocked, id=9760, stack(0x000000001b0d0000,0x000000001b1d0000)]
  0x000000001a3c3000 JavaThread "Daemon worker Thread 11" [_thread_blocked, id=4004, stack(0x000000001afd0000,0x000000001b0d0000)]
  0x000000001a3c2000 JavaThread "Cancel handler" [_thread_blocked, id=18116, stack(0x0000000000ba0000,0x0000000000ca0000)]
  0x000000001a3c0000 JavaThread "Handler for socket connection from /127.0.0.1:54366 to /127.0.0.1:55150" [_thread_in_native, id=17620, stack(0x0000000000aa0000,0x0000000000ba0000)]
  0x000000001a3bf000 JavaThread "Daemon Thread 11" [_thread_blocked, id=7960, stack(0x00000000009a0000,0x0000000000aa0000)]
  0x000000001a3ca000 JavaThread "Cache worker for file content cache (C:\Users\Aw-tish pun\.gradle\caches\5.1.1\fileContent)" [_thread_blocked, id=20632, stack(0x0000000022dc0000,0x0000000022ec0000)]
  0x000000001a3c9000 JavaThread "Memory manager" [_thread_blocked, id=10220, stack(0x0000000022cc0000,0x0000000022dc0000)]
  0x000000001a3bd000 JavaThread "Cache worker for execution history cache (C:\Users\Aw-tish pun\.gradle\caches\5.1.1\executionHistory)" [_thread_blocked, id=4844, stack(0x000000001fc90000,0x000000001fd90000)]
  0x00000000195bc800 JavaThread "Cache worker for journal cache (C:\Users\Aw-tish pun\.gradle\caches\journal-1)" [_thread_blocked, id=18428, stack(0x000000001bad0000,0x000000001bbd0000)]
  0x0000000018cbf800 JavaThread "File lock request listener" [_thread_in_native, id=20988, stack(0x000000001b9d0000,0x000000001bad0000)]
  0x00000000193fb800 JavaThread "Cache worker for file hash cache (C:\Users\Aw-tish pun\.gradle\caches\5.1.1\fileHashes)" [_thread_blocked, id=18392, stack(0x000000001b8d0000,0x000000001b9d0000)]
  0x000000001924f800 JavaThread "Daemon periodic checks" [_thread_blocked, id=11084, stack(0x000000001aed0000,0x000000001afd0000)]
  0x000000001924d000 JavaThread "Incoming local TCP Connector on port 54366" [_thread_in_native, id=20740, stack(0x000000001ac90000,0x000000001ad90000)]
  0x00000000179d8800 JavaThread "Service Thread" daemon [_thread_blocked, id=19156, stack(0x0000000017db0000,0x0000000017eb0000)]
  0x0000000016074000 JavaThread "C1 CompilerThread2" daemon [_thread_blocked, id=4008, stack(0x00000000178b0000,0x00000000179b0000)]
  0x000000001606b800 JavaThread "C2 CompilerThread1" daemon [_thread_blocked, id=18820, stack(0x00000000177b0000,0x00000000178b0000)]
  0x0000000016066000 JavaThread "C2 CompilerThread0" daemon [_thread_blocked, id=18816, stack(0x00000000176b0000,0x00000000177b0000)]
  0x0000000016065000 JavaThread "Attach Listener" daemon [_thread_blocked, id=12292, stack(0x00000000175b0000,0x00000000176b0000)]
  0x0000000016063800 JavaThread "Signal Dispatcher" daemon [_thread_blocked, id=15948, stack(0x00000000174b0000,0x00000000175b0000)]
  0x00000000026ed000 JavaThread "Finalizer" daemon [_thread_blocked, id=18988, stack(0x00000000172b0000,0x00000000173b0000)]
  0x0000000016049000 JavaThread "Reference Handler" daemon [_thread_blocked, id=12740, stack(0x00000000171b0000,0x00000000172b0000)]
  0x00000000025f2800 JavaThread "main" [_thread_blocked, id=18388, stack(0x0000000002440000,0x0000000002540000)]

Other Threads:
  0x0000000016026000 VMThread [stack: 0x00000000170b0000,0x00000000171b0000] [id=12696]
  0x00000000160bd800 WatcherThread [stack: 0x0000000017eb0000,0x0000000017fb0000] [id=20380]

=>0x000000000260c800 (exited) GCTaskThread [stack: 0x00000000122c0000,0x00000000123c0000] [id=11596]

VM state:at safepoint (normal execution)

VM Mutex/Monitor currently owned by a thread:  ([mutex/lock_event])
[0x00000000025edc20] Threads_lock - owner thread: 0x0000000016026000
[0x00000000025ee220] Heap_lock - owner thread: 0x000000001a3c3000

heap address: 0x00000000a0000000, size: 1536 MB, Compressed Oops mode: 32-bit
Narrow klass base: 0x0000000000000000, Narrow klass shift: 3
Compressed class space size: 1073741824 Address: 0x0000000100000000

Heap:
 PSYoungGen      total 179712K, used 168119K [0x00000000e0000000, 0x00000000f0000000, 0x0000000100000000)
  eden space 123904K, 100% used [0x00000000e0000000,0x00000000e7900000,0x00000000e7900000)
  from space 55808K, 79% used [0x00000000e7900000,0x00000000ea42dea0,0x00000000eaf80000)
  to   space 60416K, 39% used [0x00000000ec500000,0x00000000edc88000,0x00000000f0000000)
 ParOldGen       total 148480K, used 131483K [0x00000000a0000000, 0x00000000a9100000, 0x00000000e0000000)
  object space 148480K, 88% used [0x00000000a0000000,0x00000000a8066c00,0x00000000a9100000)
 Metaspace       used 75384K, capacity 80384K, committed 80408K, reserved 1120256K
  class space    used 9646K, capacity 10511K, committed 10520K, reserved 1048576K

Card table byte_map: [0x0000000011ab0000,0x0000000011dc0000] byte_map_base: 0x00000000115b0000

Marking Bits: (ParMarkBitMap*) 0x000000006abcf030
 Begin Bits: [0x00000000123c0000, 0x0000000013bc0000)
 End Bits:   [0x0000000013bc0000, 0x00000000153c0000)

Polling page: 0x00000000003f0000

CodeCache: size=245760Kb used=51062Kb max_used=51084Kb free=194697Kb
 bounds [0x00000000026f0000, 0x0000000005940000, 0x00000000116f0000]
 total_blobs=15241 nmethods=14418 adapters=735
 compilation: enabled

Compilation events (10 events):
Event: 2490.980 Thread 0x0000000016074000 18741       3       org.gradle.tooling.internal.provider.runner.PluginApplicationTracker$$Lambda$6/470220237::get$Lambda (10 bytes)
Event: 2490.980 Thread 0x0000000016074000 nmethod 18741 0x00000000058fe250 code [0x00000000058fe3c0, 0x00000000058fe630]
Event: 2490.980 Thread 0x0000000016074000 18742       3       org.gradle.tooling.internal.provider.runner.PluginApplicationTracker$$Lambda$6/470220237::<init> (15 bytes)
Event: 2490.981 Thread 0x0000000016074000 nmethod 18742 0x00000000058fc010 code [0x00000000058fc160, 0x00000000058fc330]
Event: 2490.981 Thread 0x0000000016074000 18743       1       com.google.wireless.android.sdk.stats.GradleBuildProfileSpan$Builder::getStartTimeInMs (5 bytes)
Event: 2490.982 Thread 0x0000000016074000 nmethod 18743 0x00000000037d4a90 code [0x00000000037d4be0, 0x00000000037d4cf0]
Event: 2490.982 Thread 0x0000000016074000 18744       3       org.gradle.api.internal.plugins.DslObject::<init> (10 bytes)
Event: 2490.982 Thread 0x0000000016074000 nmethod 18744 0x00000000058fbc50 code [0x00000000058fbda0, 0x00000000058fbf70]
Event: 2491.021 Thread 0x000000001606b800 nmethod 18735 0x0000000005923b10 code [0x0000000005923e00, 0x0000000005925c30]
Event: 2491.057 Thread 0x0000000016066000 nmethod 18737 0x000000000592ccd0 code [0x000000000592d020, 0x000000000592fb80]

GC Heap History (10 events):
Event: 1773.652 GC heap after
Heap after GC invocations=122 (full 3):
 PSYoungGen      total 155136K, used 28272K [0x00000000e0000000, 0x00000000ed200000, 0x0000000100000000)
  eden space 109568K, 0% used [0x00000000e0000000,0x00000000e0000000,0x00000000e6b00000)
  from space 45568K, 62% used [0x00000000e6b00000,0x00000000e869c010,0x00000000e9780000)
  to   space 47104K, 0% used [0x00000000ea400000,0x00000000ea400000,0x00000000ed200000)
 ParOldGen       total 148480K, used 115738K [0x00000000a0000000, 0x00000000a9100000, 0x00000000e0000000)
  object space 148480K, 77% used [0x00000000a0000000,0x00000000a71069b8,0x00000000a9100000)
 Metaspace       used 75320K, capacity 80316K, committed 80408K, reserved 1120256K
  class space    used 9646K, capacity 10511K, committed 10520K, reserved 1048576K
}
Event: 1775.591 GC heap before
{Heap before GC invocations=123 (full 3):
 PSYoungGen      total 155136K, used 137840K [0x00000000e0000000, 0x00000000ed200000, 0x0000000100000000)
  eden space 109568K, 100% used [0x00000000e0000000,0x00000000e6b00000,0x00000000e6b00000)
  from space 45568K, 62% used [0x00000000e6b00000,0x00000000e869c010,0x00000000e9780000)
  to   space 47104K, 0% used [0x00000000ea400000,0x00000000ea400000,0x00000000ed200000)
 ParOldGen       total 148480K, used 115738K [0x00000000a0000000, 0x00000000a9100000, 0x00000000e0000000)
  object space 148480K, 77% used [0x00000000a0000000,0x00000000a71069b8,0x00000000a9100000)
 Metaspace       used 75320K, capacity 80316K, committed 80408K, reserved 1120256K
  class space    used 9646K, capacity 10511K, committed 10520K, reserved 1048576K
Event: 1775.611 GC heap after
Heap after GC invocations=123 (full 3):
 PSYoungGen      total 167424K, used 27200K [0x00000000e0000000, 0x00000000ed300000, 0x0000000100000000)
  eden space 120320K, 0% used [0x00000000e0000000,0x00000000e0000000,0x00000000e7580000)
  from space 47104K, 57% used [0x00000000ea400000,0x00000000ebe90000,0x00000000ed200000)
  to   space 47616K, 0% used [0x00000000e7580000,0x00000000e7580000,0x00000000ea400000)
 ParOldGen       total 148480K, used 116209K [0x00000000a0000000, 0x00000000a9100000, 0x00000000e0000000)
  object space 148480K, 78% used [0x00000000a0000000,0x00000000a717c568,0x00000000a9100000)
 Metaspace       used 75320K, capacity 80316K, committed 80408K, reserved 1120256K
  class space    used 9646K, capacity 10511K, committed 10520K, reserved 1048576K
}
Event: 1777.748 GC heap before
{Heap before GC invocations=124 (full 3):
 PSYoungGen      total 167424K, used 147520K [0x00000000e0000000, 0x00000000ed300000, 0x0000000100000000)
  eden space 120320K, 100% used [0x00000000e0000000,0x00000000e7580000,0x00000000e7580000)
  from space 47104K, 57% used [0x00000000ea400000,0x00000000ebe90000,0x00000000ed200000)
  to   space 47616K, 0% used [0x00000000e7580000,0x00000000e7580000,0x00000000ea400000)
 ParOldGen       total 148480K, used 116209K [0x00000000a0000000, 0x00000000a9100000, 0x00000000e0000000)
  object space 148480K, 78% used [0x00000000a0000000,0x00000000a717c568,0x00000000a9100000)
 Metaspace       used 75320K, capacity 80316K, committed 80408K, reserved 1120256K
  class space    used 9646K, capacity 10511K, committed 10520K, reserved 1048576K
Event: 1777.767 GC heap after
Heap after GC invocations=124 (full 3):
 PSYoungGen      total 167936K, used 26352K [0x00000000e0000000, 0x00000000ede00000, 0x0000000100000000)
  eden space 120320K, 0% used [0x00000000e0000000,0x00000000e0000000,0x00000000e7580000)
  from space 47616K, 55% used [0x00000000e7580000,0x00000000e8f3c010,0x00000000ea400000)
  to   space 47616K, 0% used [0x00000000eaf80000,0x00000000eaf80000,0x00000000ede00000)
 ParOldGen       total 148480K, used 116688K [0x00000000a0000000, 0x00000000a9100000, 0x00000000e0000000)
  object space 148480K, 78% used [0x00000000a0000000,0x00000000a71f43f8,0x00000000a9100000)
 Metaspace       used 75320K, capacity 80316K, committed 80408K, reserved 1120256K
  class space    used 9646K, capacity 10511K, committed 10520K, reserved 1048576K
}
Event: 1778.145 GC heap before
{Heap before GC invocations=125 (full 3):
 PSYoungGen      total 167936K, used 146672K [0x00000000e0000000, 0x00000000ede00000, 0x0000000100000000)
  eden space 120320K, 100% used [0x00000000e0000000,0x00000000e7580000,0x00000000e7580000)
  from space 47616K, 55% used [0x00000000e7580000,0x00000000e8f3c010,0x00000000ea400000)
  to   space 47616K, 0% used [0x00000000eaf80000,0x00000000eaf80000,0x00000000ede00000)
 ParOldGen       total 148480K, used 116688K [0x00000000a0000000, 0x00000000a9100000, 0x00000000e0000000)
  object space 148480K, 78% used [0x00000000a0000000,0x00000000a71f43f8,0x00000000a9100000)
 Metaspace       used 75340K, capacity 80380K, committed 80408K, reserved 1120256K
  class space    used 9646K, capacity 10511K, committed 10520K, reserved 1048576K
Event: 1778.185 GC heap after
Heap after GC invocations=125 (full 3):
 PSYoungGen      total 171520K, used 47600K [0x00000000e0000000, 0x00000000ef380000, 0x0000000100000000)
  eden space 123904K, 0% used [0x00000000e0000000,0x00000000e0000000,0x00000000e7900000)
  from space 47616K, 99% used [0x00000000eaf80000,0x00000000eddfc050,0x00000000ede00000)
  to   space 55808K, 0% used [0x00000000e7900000,0x00000000e7900000,0x00000000eaf80000)
 ParOldGen       total 148480K, used 117544K [0x00000000a0000000, 0x00000000a9100000, 0x00000000e0000000)
  object space 148480K, 79% used [0x00000000a0000000,0x00000000a72ca3f8,0x00000000a9100000)
 Metaspace       used 75340K, capacity 80380K, committed 80408K, reserved 1120256K
  class space    used 9646K, capacity 10511K, committed 10520K, reserved 1048576K
}
Event: 1780.404 GC heap before
{Heap before GC invocations=126 (full 3):
 PSYoungGen      total 171520K, used 171499K [0x00000000e0000000, 0x00000000ef380000, 0x0000000100000000)
  eden space 123904K, 99% used [0x00000000e0000000,0x00000000e78fee70,0x00000000e7900000)
  from space 47616K, 99% used [0x00000000eaf80000,0x00000000eddfc050,0x00000000ede00000)
  to   space 55808K, 0% used [0x00000000e7900000,0x00000000e7900000,0x00000000eaf80000)
 ParOldGen       total 148480K, used 117544K [0x00000000a0000000, 0x00000000a9100000, 0x00000000e0000000)
  object space 148480K, 79% used [0x00000000a0000000,0x00000000a72ca3f8,0x00000000a9100000)
 Metaspace       used 75354K, capacity 80384K, committed 80408K, reserved 1120256K
  class space    used 9646K, capacity 10511K, committed 10520K, reserved 1048576K
Event: 1780.436 GC heap after
Heap after GC invocations=126 (full 3):
 PSYoungGen      total 179712K, used 44215K [0x00000000e0000000, 0x00000000f0000000, 0x0000000100000000)
  eden space 123904K, 0% used [0x00000000e0000000,0x00000000e0000000,0x00000000e7900000)
  from space 55808K, 79% used [0x00000000e7900000,0x00000000ea42dea0,0x00000000eaf80000)
  to   space 60416K, 0% used [0x00000000ec500000,0x00000000ec500000,0x00000000f0000000)
 ParOldGen       total 148480K, used 119540K [0x00000000a0000000, 0x00000000a9100000, 0x00000000e0000000)
  object space 148480K, 80% used [0x00000000a0000000,0x00000000a74bd2a8,0x00000000a9100000)
 Metaspace       used 75354K, capacity 80384K, committed 80408K, reserved 1120256K
  class space    used 9646K, capacity 10511K, committed 10520K, reserved 1048576K
}
Event: 2492.591 GC heap before
{Heap before GC invocations=127 (full 3):
 PSYoungGen      total 179712K, used 168119K [0x00000000e0000000, 0x00000000f0000000, 0x0000000100000000)
  eden space 123904K, 100% used [0x00000000e0000000,0x00000000e7900000,0x00000000e7900000)
  from space 55808K, 79% used [0x00000000e7900000,0x00000000ea42dea0,0x00000000eaf80000)
  to   space 60416K, 0% used [0x00000000ec500000,0x00000000ec500000,0x00000000f0000000)
 ParOldGen       total 148480K, used 119540K [0x00000000a0000000, 0x00000000a9100000, 0x00000000e0000000)
  object space 148480K, 80% used [0x00000000a0000000,0x00000000a74bd2a8,0x00000000a9100000)
 Metaspace       used 75384K, capacity 80384K, committed 80408K, reserved 1120256K
  class space    used 9646K, capacity 10511K, committed 10520K, reserved 1048576K

Deoptimization events (10 events):
Event: 1334.766 Thread 0x000000001da53800 Uncommon trap: reason=unstable_if action=reinterpret pc=0x00000000055a7ff4 method=java.util.concurrent.ConcurrentHashMap.sumCount()J @ 30
Event: 1412.149 Thread 0x000000001a3bd800 Uncommon trap: reason=unstable_if action=reinterpret pc=0x0000000005613750 method=java.util.concurrent.locks.AbstractQueuedSynchronizer$ConditionObject.awaitNanos(J)J @ 115
Event: 1535.289 Thread 0x000000001da50800 Uncommon trap: reason=class_check action=maybe_recompile pc=0x00000000038aa638 method=com.sun.org.apache.xerces.internal.dom.ElementImpl.getAttribute(Ljava/lang/String;)Ljava/lang/String; @ 32
Event: 1535.289 Thread 0x000000001da50800 Uncommon trap: reason=class_check action=maybe_recompile pc=0x00000000038aa638 method=com.sun.org.apache.xerces.internal.dom.ElementImpl.getAttribute(Ljava/lang/String;)Ljava/lang/String; @ 32
Event: 1535.289 Thread 0x000000001da50800 Uncommon trap: reason=class_check action=maybe_recompile pc=0x00000000038aa638 method=com.sun.org.apache.xerces.internal.dom.ElementImpl.getAttribute(Ljava/lang/String;)Ljava/lang/String; @ 32
Event: 1535.289 Thread 0x000000001da50800 Uncommon trap: reason=class_check action=maybe_recompile pc=0x00000000038aa638 method=com.sun.org.apache.xerces.internal.dom.ElementImpl.getAttribute(Ljava/lang/String;)Ljava/lang/String; @ 32
Event: 1704.037 Thread 0x000000001a3c5800 Uncommon trap: reason=class_check action=maybe_recompile pc=0x0000000002884e18 method=org.gradle.api.internal.tasks.PublicTaskSpecification.isSatisfiedBy(Ljava/lang/Object;)Z @ 2
Event: 1704.037 Thread 0x000000001a3c5800 Uncommon trap: reason=class_check action=maybe_recompile pc=0x0000000002884e18 method=org.gradle.api.internal.tasks.PublicTaskSpecification.isSatisfiedBy(Ljava/lang/Object;)Z @ 2
Event: 1704.038 Thread 0x000000001a3c5800 Uncommon trap: reason=class_check action=maybe_recompile pc=0x0000000002884e18 method=org.gradle.api.internal.tasks.PublicTaskSpecification.isSatisfiedBy(Ljava/lang/Object;)Z @ 2
Event: 1704.038 Thread 0x000000001a3c5800 Uncommon trap: reason=class_check action=maybe_recompile pc=0x0000000002884e18 method=org.gradle.api.internal.tasks.PublicTaskSpecification.isSatisfiedBy(Ljava/lang/Object;)Z @ 2

Classes redefined (0 events):
No events

Internal exceptions (10 events):
Event: 2492.590 Thread 0x000000001a3c3000 Exception <a 'sun/nio/fs/WindowsException'> (0x00000000e78ef3a0) thrown at [C:\src\AOSP-openjdk-git\hotspot\src\share\vm\prims\jni.cpp, line 710]
Event: 2492.590 Thread 0x000000001a3c3000 Exception <a 'sun/nio/fs/WindowsException'> (0x00000000e78efda0) thrown at [C:\src\AOSP-openjdk-git\hotspot\src\share\vm\prims\jni.cpp, line 710]
Event: 2492.590 Thread 0x000000001a3c3000 Exception <a 'sun/nio/fs/WindowsException'> (0x00000000e78f2f28) thrown at [C:\src\AOSP-openjdk-git\hotspot\src\share\vm\prims\jni.cpp, line 710]
Event: 2492.590 Thread 0x000000001a3c3000 Exception <a 'sun/nio/fs/WindowsException'> (0x00000000e78f3928) thrown at [C:\src\AOSP-openjdk-git\hotspot\src\share\vm\prims\jni.cpp, line 710]
Event: 2492.590 Thread 0x000000001a3c3000 Exception <a 'sun/nio/fs/WindowsException'> (0x00000000e78f5ba0) thrown at [C:\src\AOSP-openjdk-git\hotspot\src\share\vm\prims\jni.cpp, line 710]
Event: 2492.590 Thread 0x000000001a3c3000 Exception <a 'sun/nio/fs/WindowsException'> (0x00000000e78f65a0) thrown at [C:\src\AOSP-openjdk-git\hotspot\src\share\vm\prims\jni.cpp, line 710]
Event: 2492.590 Thread 0x000000001a3c3000 Exception <a 'sun/nio/fs/WindowsException'> (0x00000000e78f9710) thrown at [C:\src\AOSP-openjdk-git\hotspot\src\share\vm\prims\jni.cpp, line 710]
Event: 2492.591 Thread 0x000000001a3c3000 Exception <a 'sun/nio/fs/WindowsException'> (0x00000000e78fa110) thrown at [C:\src\AOSP-openjdk-git\hotspot\src\share\vm\prims\jni.cpp, line 710]
Event: 2492.591 Thread 0x000000001a3c3000 Exception <a 'sun/nio/fs/WindowsException'> (0x00000000e78fc338) thrown at [C:\src\AOSP-openjdk-git\hotspot\src\share\vm\prims\jni.cpp, line 710]
Event: 2492.591 Thread 0x000000001a3c3000 Exception <a 'sun/nio/fs/WindowsException'> (0x00000000e78fcd38) thrown at [C:\src\AOSP-openjdk-git\hotspot\src\share\vm\prims\jni.cpp, line 710]

Events (10 events):
Event: 2490.921 Thread 0x000000001a3c7000 Thread added: 0x000000001a3c7000
Event: 2490.925 Thread 0x000000001a3c7800 Thread added: 0x000000001a3c7800
Event: 2490.946 Thread 0x000000001da4c000 Thread added: 0x000000001da4c000
Event: 2490.946 Thread 0x000000001da48800 Thread added: 0x000000001da48800
Event: 2490.947 Thread 0x000000001da4a800 Thread added: 0x000000001da4a800
Event: 2490.947 Thread 0x000000001da47000 Thread added: 0x000000001da47000
Event: 2490.947 Executing VM operation: RevokeBias
Event: 2490.947 Executing VM operation: RevokeBias done
Event: 2490.977 Thread 0x000000001da4e800 Thread added: 0x000000001da4e800
Event: 2492.591 Executing VM operation: ParallelGCFailedAllocation


Dynamic libraries:
0x00007ff7a3640000 - 0x00007ff7a3671000 	C:\Program Files\Android\Android Studio\jre\bin\java.exe
0x00007ffa9bd80000 - 0x00007ffa9bf70000 	C:\WINDOWS\SYSTEM32\ntdll.dll
0x00007ffa9a7d0000 - 0x00007ffa9a882000 	C:\WINDOWS\System32\KERNEL32.DLL
0x00007ffa990c0000 - 0x00007ffa99365000 	C:\WINDOWS\System32\KERNELBASE.dll
0x00007ffa9b7f0000 - 0x00007ffa9b893000 	C:\WINDOWS\System32\ADVAPI32.dll
0x00007ffa9bae0000 - 0x00007ffa9bb7e000 	C:\WINDOWS\System32\msvcrt.dll
0x00007ffa99e70000 - 0x00007ffa99f07000 	C:\WINDOWS\System32\sechost.dll
0x00007ffa9abd0000 - 0x00007ffa9acef000 	C:\WINDOWS\System32\RPCRT4.dll
0x00007ffa9aea0000 - 0x00007ffa9b034000 	C:\WINDOWS\System32\USER32.dll
0x00007ffa98ff0000 - 0x00007ffa99011000 	C:\WINDOWS\System32\win32u.dll
0x00007ffa9a620000 - 0x00007ffa9a646000 	C:\WINDOWS\System32\GDI32.dll
0x00007ffa98e50000 - 0x00007ffa98fe8000 	C:\WINDOWS\System32\gdi32full.dll
0x00007ffa99020000 - 0x00007ffa990be000 	C:\WINDOWS\System32\msvcp_win.dll
0x00007ffa993a0000 - 0x00007ffa9949a000 	C:\WINDOWS\System32\ucrtbase.dll
0x00007ffa7e100000 - 0x00007ffa7e384000 	C:\WINDOWS\WinSxS\amd64_microsoft.windows.common-controls_6595b64144ccf1df_6.0.18362.1440_none_9e7dbfb9e45e8e67\COMCTL32.dll
0x00007ffa9a890000 - 0x00007ffa9abc6000 	C:\WINDOWS\System32\combase.dll
0x00007ffa99550000 - 0x00007ffa995d1000 	C:\WINDOWS\System32\bcryptPrimitives.dll
0x00007ffa99e40000 - 0x00007ffa99e6e000 	C:\WINDOWS\System32\IMM32.DLL
0x000000006a320000 - 0x000000006a3f2000 	C:\Program Files\Android\Android Studio\jre\jre\bin\msvcr100.dll
0x000000006a400000 - 0x000000006ac4b000 	C:\Program Files\Android\Android Studio\jre\jre\bin\server\jvm.dll
0x00007ffa9bd30000 - 0x00007ffa9bd38000 	C:\WINDOWS\System32\PSAPI.DLL
0x00007ffa83aa0000 - 0x00007ffa83aa9000 	C:\WINDOWS\SYSTEM32\WSOCK32.dll
0x00007ffa8e160000 - 0x00007ffa8e16a000 	C:\WINDOWS\SYSTEM32\VERSION.dll
0x00007ffa93db0000 - 0x00007ffa93dd4000 	C:\WINDOWS\SYSTEM32\WINMM.dll
0x00007ffa9ad00000 - 0x00007ffa9ad6f000 	C:\WINDOWS\System32\WS2_32.dll
0x00007ffa93b20000 - 0x00007ffa93b4d000 	C:\WINDOWS\SYSTEM32\winmmbase.dll
0x00007ffa994a0000 - 0x00007ffa994ea000 	C:\WINDOWS\System32\cfgmgr32.dll
0x00007ffa94fe0000 - 0x00007ffa94fef000 	C:\Program Files\Android\Android Studio\jre\jre\bin\verify.dll
0x00007ffa82a00000 - 0x00007ffa82a29000 	C:\Program Files\Android\Android Studio\jre\jre\bin\java.dll
0x00007ffa81710000 - 0x00007ffa81726000 	C:\Program Files\Android\Android Studio\jre\jre\bin\zip.dll
0x00007ffa99f30000 - 0x00007ffa9a618000 	C:\WINDOWS\System32\SHELL32.dll
0x00007ffa9b580000 - 0x00007ffa9b627000 	C:\WINDOWS\System32\shcore.dll
0x00007ffa996b0000 - 0x00007ffa99e2b000 	C:\WINDOWS\System32\windows.storage.dll
0x00007ffa98c90000 - 0x00007ffa98cae000 	C:\WINDOWS\System32\profapi.dll
0x00007ffa98c40000 - 0x00007ffa98c8a000 	C:\WINDOWS\System32\powrprof.dll
0x00007ffa98c30000 - 0x00007ffa98c40000 	C:\WINDOWS\System32\UMPDC.dll
0x00007ffa9b4b0000 - 0x00007ffa9b502000 	C:\WINDOWS\System32\shlwapi.dll
0x00007ffa98cb0000 - 0x00007ffa98cc1000 	C:\WINDOWS\System32\kernel.appcore.dll
0x00007ffa995e0000 - 0x00007ffa995f7000 	C:\WINDOWS\System32\cryptsp.dll
0x00007ffa80f60000 - 0x00007ffa80f7a000 	C:\Program Files\Android\Android Studio\jre\jre\bin\net.dll
0x00007ffa98410000 - 0x00007ffa98477000 	C:\WINDOWS\system32\mswsock.dll
0x00007ffa7f9a0000 - 0x00007ffa7f9b3000 	C:\Program Files\Android\Android Studio\jre\jre\bin\nio.dll
0x00007ffa86ac0000 - 0x00007ffa86ade000 	C:\Users\Aw-tish pun\.gradle\native\25\windows-amd64\native-platform.dll
0x00007ffa865f0000 - 0x00007ffa865fd000 	C:\Program Files\Android\Android Studio\jre\jre\bin\management.dll
0x00007ffa97f90000 - 0x00007ffa97fc3000 	C:\WINDOWS\system32\rsaenh.dll
0x00007ffa99370000 - 0x00007ffa99396000 	C:\WINDOWS\System32\bcrypt.dll
0x00007ffa98b50000 - 0x00007ffa98b75000 	C:\WINDOWS\SYSTEM32\USERENV.dll
0x00007ffa985e0000 - 0x00007ffa985ec000 	C:\WINDOWS\SYSTEM32\CRYPTBASE.dll
0x00007ffa98120000 - 0x00007ffa9815a000 	C:\WINDOWS\SYSTEM32\IPHLPAPI.DLL
0x00007ffa99e30000 - 0x00007ffa99e38000 	C:\WINDOWS\System32\NSI.dll
0x00007ffa8f760000 - 0x00007ffa8f776000 	C:\WINDOWS\SYSTEM32\dhcpcsvc6.DLL
0x00007ffa8f010000 - 0x00007ffa8f02c000 	C:\WINDOWS\SYSTEM32\dhcpcsvc.DLL
0x00007ffa98160000 - 0x00007ffa9822b000 	C:\WINDOWS\SYSTEM32\DNSAPI.dll
0x00007ffa974d0000 - 0x00007ffa976c4000 	C:\WINDOWS\SYSTEM32\dbghelp.dll

VM Arguments:
jvm_args: -Xmx1536m -Dfile.encoding=windows-1252 -Duser.country=US -Duser.language=en -Duser.variant 
java_command: org.gradle.launcher.daemon.bootstrap.GradleDaemon 5.1.1
java_class_path (initial): C:\Users\Aw-tish pun\.gradle\wrapper\dists\gradle-5.1.1-all\97z1ksx6lirer3kbvdnh7jtjg\gradle-5.1.1\lib\gradle-launcher-5.1.1.jar
Launcher Type: SUN_STANDARD

Environment Variables:
PATH=E:\app\Aw-tishpun\product\11.2.0\dbhome_1\bin;C:\Windows\system32;C:\Windows;C:\Windows\System32\Wbem;C:\Windows\System32\WindowsPowerShell\v1.0\;C:\Windows\System32\OpenSSH\;C:\Program Files (x86)\NVIDIA Corporation\PhysX\Common;C:\Program Files\NVIDIA Corporation\NVIDIA NvDLISR;C:\Users\Aw-tish pun\AppData\Local\Android\Sdk\platform-tools;C:\WINDOWS\system32;C:\WINDOWS;C:\WINDOWS\System32\Wbem;C:\WINDOWS\System32\WindowsPowerShell\v1.0\;C:\WINDOWS\System32\OpenSSH\;C:\Program Files\dotnet\;C:\Program Files\Microsoft SQL Server\130\Tools\Binn\;C:\Program Files\Microsoft SQL Server\Client SDK\ODBC\170\Tools\Binn\;C:\Program Files\Microsoft SQL Server\120\Tools\Binn\;C:\Program Files\Microsoft SQL Server\Client SDK\ODBC\110\Tools\Binn\;C:\Program Files (x86)\Microsoft SQL Server\120\Tools\Binn\;C:\Program Files\Microsoft SQL Server\120\DTS\Binn\;C:\Program Files (x86)\Microsoft SQL Server\120\Tools\Binn\ManagementStudio\;C:\Program Files (x86)\Microsoft SQL Server\120\DTS\Binn\;C:\Users\Aw-tish pun\anaconda3\Scripts;C:\Program Files\Git\cmd;C:\Program Files\Java\jdk1.8.0_192\bin;C:\Program Files (x86)\Microsoft SQL Server\150\DTS\Binn\;C:\Program Files\Azure Data Studio\bin;C:\Program Files (x86)\Microsoft SQL Server\150\Tools\Binn\;C:\Program Files\Microsoft SQL Server\150\Tools\Binn\;C:\Program Files\Microsoft SQL Server\150\DTS\Binn\;C:\Users\Aw-tish pun\anaconda3;C:\Users\Aw-tish pun\anaconda3\Library\mingw-w64\bin;C:\Users\Aw-tish pun\anaconda3\Library\usr\bin;C:\Users\Aw-tish pun\anaconda3\Library\bin;C:\Users\Aw-tish pun\anaconda3\Scripts;C:\Users\Aw-tish pun\AppData\Local\Programs\Python\Python39\Scripts\;C:\Users\Aw-tish pun\AppData\Local\Programs\Python\Python39\;C:\Users\Aw-tish pun\AppData\Local\Microsoft\WindowsApps;C:\Users\Aw-tish pun\.dotnet\tools;C:\Users\Aw-tish pun\Documents\PyCharm Community Edition 2020.2.3\bin;;C:\Users\Aw-tish pun\AppData\Local\Programs\Microsoft VS Code\bin;C:\Program Files\Azure Data Studio\bin
USERNAME=Aw-tish pun
OS=Windows_NT
PROCESSOR_IDENTIFIER=Intel64 Family 6 Model 142 Stepping 9, GenuineIntel



---------------  S Y S T E M  ---------------

OS: Windows 10.0 , 64 bit Build 18362 (10.0.18362.1350)

CPU:total 4 (initial active 4) (2 cores per cpu, 2 threads per core) family 6 model 142 stepping 9, cmov, cx8, fxsr, mmx, sse, sse2, sse3, ssse3, sse4.1, sse4.2, popcnt, avx, avx2, aes, clmul, erms, 3dnowpref, lzcnt, ht, tsc, tscinvbit, bmi1, bmi2, adx

Memory: 4k page, physical 8267176k(1312620k free), swap 15869352k(4746172k free)

vm_info: OpenJDK 64-Bit Server VM (25.242-b01) for windows-amd64 JRE (1.8.0_242-release-1644-b01), built by "builder" with MS VC++ 10.0 (VS2010)

time: Mon Apr 19 19:51:10 2021
timezone: Nepal Standard Time
elapsed time: 2492 seconds (0d 0h 41m 32s)

