#
# A fatal error has been detected by the Java Runtime Environment:
#
#  EXCEPTION_ACCESS_VIOLATION (0xc0000005) at pc=0x0000000100000938, pid=10440, tid=0x0000000000002b78
#
# JRE version: OpenJDK Runtime Environment (8.0_242-b01) (build 1.8.0_242-release-1644-b01)
# Java VM: OpenJDK 64-Bit Server VM (25.242-b01 mixed mode windows-amd64 compressed oops)
# Problematic frame:
# C  0x0000000100000938
#
# Failed to write core dump. Minidumps are not enabled by default on client versions of Windows
#
# If you would like to submit a bug report, please visit:
#   
#

---------------  T H R E A D  ---------------

Current thread (0x000000000329b000):  GCTaskThread [stack: 0x0000000012e50000,0x0000000012f50000] [id=11128]

siginfo: ExceptionCode=0xc0000005, ExceptionInformation=0x0000000000000008 0x0000000100000938

Registers:
RAX=0x00000001006a88e8, RBX=0x00000000f60e1670, RCX=0x00000001000009f8, RDX=0x00000000f60e1670
RSP=0x0000000012f4f338, RBP=0x0000000012742401, RSI=0x000000000336c940, RDI=0x00000000a047a208
R8 =0x0000000000000000, R9 =0x00000001000009f8, R10=0x0000000000000008, R11=0x00000000f187f0e0
R12=0x00000000127423c8, R13=0x0000000000000039, R14=0x0000000000000000, R15=0x000000000328e730
RIP=0x0000000100000938, EFLAGS=0x0000000000010246

Top of Stack: (sp=0x0000000012f4f338)
0x0000000012f4f338:   000000005f9c27b2 00000000f60e1658
0x0000000012f4f348:   0000000000000003 000000000336c940
0x0000000012f4f358:   00000000f799c360 00000000f18770f0
0x0000000012f4f368:   0000000000001000 000000000336c940
0x0000000012f4f378:   000000005f6de3a3 0000000000000000
0x0000000012f4f388:   000000000336c900 00000000127423c8
0x0000000012f4f398:   000000005f9c2b20 00000000f187ada4
0x0000000012f4f3a8:   0000000012742401 000000000336c940
0x0000000012f4f3b8:   00000000a047a208 00000000f187ada4
0x0000000012f4f3c8:   000000005f9c36c5 00000000f60da1a8
0x0000000012f4f3d8:   0000000012742401 000000000336c940
0x0000000012f4f3e8:   000000000336c940 000000000336c940
0x0000000012f4f3f8:   00007ffa7ce81e93 00000000a047759c
0x0000000012f4f408:   000000005f6dfdb0 000000000336c940
0x0000000012f4f418:   000000005f6de3a3 00000000a04780a1
0x0000000012f4f428:   00000000a04780a1 00000000a047a024 

Instructions: (pc=0x0000000100000938)
0x0000000100000918:   e8 06 35 16 00 00 00 00 40 08 35 16 00 00 00 00
0x0000000100000928:   40 06 35 16 00 00 00 00 78 07 35 16 00 00 00 00
0x0000000100000938:   08 f6 bb 5f 00 00 00 00 01 09 10 c0 30 00 00 00
0x0000000100000948:   50 61 2c 03 00 00 00 00 00 00 00 00 00 00 00 00 


Register to memory mapping:

RAX=0x00000001006a88e8 is pointing into metadata
RBX=0x00000000f60e1670 is an oop

[error occurred during error reporting (printing register info), id 0xc0000005]

Stack: [0x0000000012e50000,0x0000000012f50000],  sp=0x0000000012f4f338,  free space=1020k
Native frames: (J=compiled Java code, j=interpreted, Vv=VM code, C=native code)
C  0x0000000100000938


---------------  P R O C E S S  ---------------

Java Threads: ( => current thread )
  0x000000001cab1800 JavaThread "Cache worker for Build Output Cleanup Cache (C:\Users\Aw-tish pun\OneDrive\SOFTWARE ENGINEERING\CinemaEra\.gradle\buildOutputCleanup)" [_thread_blocked, id=2864, stack(0x0000000023f60000,0x0000000024060000)]
  0x000000001cab3800 JavaThread "Build operations Thread 4" [_thread_blocked, id=13260, stack(0x0000000022ac0000,0x0000000022bc0000)]
  0x000000001cab6000 JavaThread "Build operations Thread 3" [_thread_blocked, id=13440, stack(0x00000000229c0000,0x0000000022ac0000)]
  0x000000001cab3000 JavaThread "Build operations Thread 2" [_thread_blocked, id=16140, stack(0x00000000207f0000,0x00000000208f0000)]
  0x000000001a0ed800 JavaThread "Build operations" [_thread_blocked, id=12624, stack(0x00000000202f0000,0x00000000203f0000)]
  0x000000001a0ec800 JavaThread "Cache worker for cache directory md-rule (C:\Users\Aw-tish pun\.gradle\caches\5.1.1\md-rule)" [_thread_blocked, id=15504, stack(0x00000000201f0000,0x00000000202f0000)]
  0x000000001a0eb000 JavaThread "Cache worker for cache directory md-supplier (C:\Users\Aw-tish pun\.gradle\caches\5.1.1\md-supplier)" [_thread_blocked, id=10884, stack(0x00000000200f0000,0x00000000201f0000)]
  0x000000001a0ea000 JavaThread "Cache worker for file hash cache (C:\Users\Aw-tish pun\OneDrive\SOFTWARE ENGINEERING\CinemaEra\.gradle\5.1.1\fileHashes)" [_thread_blocked, id=9608, stack(0x000000001fdc0000,0x000000001fec0000)]
  0x000000001a0e2800 JavaThread "Thread-75" [_thread_blocked, id=4516, stack(0x000000001eec0000,0x000000001efc0000)]
  0x000000001a0e9800 JavaThread "Stdin handler" [_thread_blocked, id=16076, stack(0x000000001c460000,0x000000001c560000)]
  0x000000001a0e8800 JavaThread "Asynchronous log dispatcher for DefaultDaemonConnection: socket connection from /127.0.0.1:55067 to /127.0.0.1:50492" [_thread_blocked, id=15784, stack(0x000000001c160000,0x000000001c260000)]
  0x000000001a0e1000 JavaThread "Daemon worker Thread 4" [_thread_blocked, id=5212, stack(0x000000001c060000,0x000000001c160000)]
  0x000000001a0e0800 JavaThread "Cancel handler" [_thread_blocked, id=7240, stack(0x000000001bd60000,0x000000001be60000)]
  0x000000001a0df800 JavaThread "Handler for socket connection from /127.0.0.1:55067 to /127.0.0.1:50492" [_thread_in_native, id=15340, stack(0x000000001bc60000,0x000000001bd60000)]
  0x000000001a0de000 JavaThread "Daemon Thread 4" [_thread_blocked, id=2280, stack(0x00000000017a0000,0x00000000018a0000)]
  0x000000001a0e4000 JavaThread "Cache worker for Java compile cache (C:\Users\Aw-tish pun\.gradle\caches\5.1.1\javaCompile)" [_thread_blocked, id=9568, stack(0x0000000024660000,0x0000000024760000)]
  0x000000001e466000 JavaThread "Cache worker for file content cache (C:\Users\Aw-tish pun\.gradle\caches\5.1.1\fileContent)" [_thread_blocked, id=11824, stack(0x00000000228c0000,0x00000000229c0000)]
  0x000000001e463800 JavaThread "Memory manager" [_thread_blocked, id=2992, stack(0x0000000022c90000,0x0000000022d90000)]
  0x000000001e460800 JavaThread "Cache worker for execution history cache (C:\Users\Aw-tish pun\.gradle\caches\5.1.1\executionHistory)" [_thread_blocked, id=11992, stack(0x000000001fac0000,0x000000001fbc0000)]
  0x0000000016d12800 JavaThread "Cache worker for journal cache (C:\Users\Aw-tish pun\.gradle\caches\journal-1)" [_thread_blocked, id=15700, stack(0x000000001c760000,0x000000001c860000)]
  0x0000000019e4e800 JavaThread "File lock request listener" [_thread_in_native, id=13128, stack(0x000000001c660000,0x000000001c760000)]
  0x0000000019e4e000 JavaThread "Cache worker for file hash cache (C:\Users\Aw-tish pun\.gradle\caches\5.1.1\fileHashes)" [_thread_blocked, id=8692, stack(0x000000001c560000,0x000000001c660000)]
  0x000000001a335000 JavaThread "Daemon periodic checks" [_thread_blocked, id=10604, stack(0x000000001bb60000,0x000000001bc60000)]
  0x0000000019efe000 JavaThread "Incoming local TCP Connector on port 55067" [_thread_in_native, id=14548, stack(0x000000001b920000,0x000000001ba20000)]
  0x000000001867a800 JavaThread "Service Thread" daemon [_thread_blocked, id=13076, stack(0x0000000018a40000,0x0000000018b40000)]
  0x0000000016d11000 JavaThread "C1 CompilerThread2" daemon [_thread_blocked, id=9196, stack(0x0000000018540000,0x0000000018640000)]
  0x0000000016cfd800 JavaThread "C2 CompilerThread1" daemon [_thread_blocked, id=12712, stack(0x0000000018440000,0x0000000018540000)]
  0x0000000016cf8000 JavaThread "C2 CompilerThread0" daemon [_thread_blocked, id=14976, stack(0x0000000018340000,0x0000000018440000)]
  0x0000000016cf6800 JavaThread "Attach Listener" daemon [_thread_blocked, id=15860, stack(0x0000000018240000,0x0000000018340000)]
  0x0000000016cf3800 JavaThread "Signal Dispatcher" daemon [_thread_blocked, id=13752, stack(0x0000000018140000,0x0000000018240000)]
  0x000000000337d000 JavaThread "Finalizer" daemon [_thread_blocked, id=13628, stack(0x0000000017f40000,0x0000000018040000)]
  0x0000000016cd9000 JavaThread "Reference Handler" daemon [_thread_blocked, id=3052, stack(0x0000000017e40000,0x0000000017f40000)]
  0x0000000003282800 JavaThread "main" [_thread_blocked, id=2584, stack(0x0000000003180000,0x0000000003280000)]

Other Threads:
  0x0000000016cb6000 VMThread [stack: 0x0000000017d40000,0x0000000017e40000] [id=10568]
  0x0000000016d4e800 WatcherThread [stack: 0x0000000018b40000,0x0000000018c40000] [id=13708]

=>0x000000000329b000 (exited) GCTaskThread [stack: 0x0000000012e50000,0x0000000012f50000] [id=11128]

VM state:at safepoint (normal execution)

VM Mutex/Monitor currently owned by a thread:  ([mutex/lock_event])
[0x00000000030edf20] Threads_lock - owner thread: 0x0000000016cb6000
[0x00000000030ed7a0] Heap_lock - owner thread: 0x000000001a0e1000

heap address: 0x00000000a0000000, size: 1536 MB, Compressed Oops mode: 32-bit
Narrow klass base: 0x0000000000000000, Narrow klass shift: 3
Compressed class space size: 1073741824 Address: 0x0000000100000000

Heap:
 PSYoungGen      total 330752K, used 319298K [0x00000000e0000000, 0x00000000f8580000, 0x0000000100000000)
  eden space 272896K, 100% used [0x00000000e0000000,0x00000000f0a80000,0x00000000f0a80000)
  from space 57856K, 80% used [0x00000000f4c80000,0x00000000f79d0888,0x00000000f8500000)
  to   space 62976K, 47% used [0x00000000f0a80000,0x00000000f27e93a8,0x00000000f4800000)
 ParOldGen       total 148992K, used 79099K [0x00000000a0000000, 0x00000000a9180000, 0x00000000e0000000)
  object space 148992K, 53% used [0x00000000a0000000,0x00000000a4d3ece8,0x00000000a9180000)
 Metaspace       used 86918K, capacity 90516K, committed 90776K, reserved 1128448K
  class space    used 11189K, capacity 11935K, committed 11944K, reserved 1048576K

Card table byte_map: [0x0000000012740000,0x0000000012a50000] byte_map_base: 0x0000000012240000

Marking Bits: (ParMarkBitMap*) 0x000000005fdbf030
 Begin Bits: [0x0000000013050000, 0x0000000014850000)
 End Bits:   [0x0000000014850000, 0x0000000016050000)

Polling page: 0x0000000001390000

CodeCache: size=245760Kb used=44899Kb max_used=44914Kb free=200860Kb
 bounds [0x0000000003380000, 0x0000000005fa0000, 0x0000000012380000]
 total_blobs=14580 nmethods=13724 adapters=767
 compilation: enabled

Compilation events (10 events):
Event: 3131.295 Thread 0x0000000016d11000 16533       3       org.gradle.api.plugins.BasePlugin$3::execute (9 bytes)
Event: 3131.296 Thread 0x0000000016d11000 nmethod 16533 0x0000000005f92250 code [0x0000000005f92400, 0x0000000005f92aa8]
Event: 3131.296 Thread 0x0000000016d11000 16534       3       org.gradle.api.internal.artifacts.configurations.DefaultConfiguration_Decorated::setDescription (12 bytes)
Event: 3131.296 Thread 0x0000000016d11000 nmethod 16534 0x0000000005f8a290 code [0x0000000005f8a3e0, 0x0000000005f8a5b0]
Event: 3131.296 Thread 0x0000000016d11000 16532       1       com.android.build.gradle.internal.variant2.DslScopeImpl::getDeprecationReporter (5 bytes)
Event: 3131.296 Thread 0x0000000016d11000 nmethod 16532 0x0000000005f89fd0 code [0x0000000005f8a120, 0x0000000005f8a230]
Event: 3131.296 Thread 0x0000000016d11000 16535       3       com.google.common.cache.LocalCache$Segment::getFirst (21 bytes)
Event: 3131.296 Thread 0x0000000016d11000 nmethod 16535 0x0000000005f92d10 code [0x0000000005f92ea0, 0x0000000005f93388]
Event: 3131.303 Thread 0x0000000016cf8000 nmethod 16517 0x0000000005f96850 code [0x0000000005f96a00, 0x0000000005f970e8]
Event: 3131.306 Thread 0x0000000016cfd800 nmethod 16516 0x0000000005f93850 code [0x0000000005f93a20, 0x0000000005f947f8]

GC Heap History (10 events):
Event: 58.256 GC heap after
Heap after GC invocations=19 (full 3):
 PSYoungGen      total 299008K, used 29157K [0x00000000e0000000, 0x00000000f6d80000, 0x0000000100000000)
  eden space 269824K, 0% used [0x00000000e0000000,0x00000000e0000000,0x00000000f0780000)
  from space 29184K, 99% used [0x00000000f3200000,0x00000000f4e794d0,0x00000000f4e80000)
  to   space 43520K, 0% used [0x00000000f0780000,0x00000000f0780000,0x00000000f3200000)
 ParOldGen       total 148992K, used 79059K [0x00000000a0000000, 0x00000000a9180000, 0x00000000e0000000)
  object space 148992K, 53% used [0x00000000a0000000,0x00000000a4d34ce8,0x00000000a9180000)
 Metaspace       used 77988K, capacity 81086K, committed 81176K, reserved 1120256K
  class space    used 10377K, capacity 11044K, committed 11048K, reserved 1048576K
}
Event: 271.705 GC heap before
{Heap before GC invocations=20 (full 3):
 PSYoungGen      total 299008K, used 298981K [0x00000000e0000000, 0x00000000f6d80000, 0x0000000100000000)
  eden space 269824K, 100% used [0x00000000e0000000,0x00000000f0780000,0x00000000f0780000)
  from space 29184K, 99% used [0x00000000f3200000,0x00000000f4e794d0,0x00000000f4e80000)
  to   space 43520K, 0% used [0x00000000f0780000,0x00000000f0780000,0x00000000f3200000)
 ParOldGen       total 148992K, used 79059K [0x00000000a0000000, 0x00000000a9180000, 0x00000000e0000000)
  object space 148992K, 53% used [0x00000000a0000000,0x00000000a4d34ce8,0x00000000a9180000)
 Metaspace       used 84657K, capacity 88056K, committed 88216K, reserved 1126400K
  class space    used 11137K, capacity 11847K, committed 11944K, reserved 1048576K
Event: 271.742 GC heap after
Heap after GC invocations=20 (full 3):
 PSYoungGen      total 313344K, used 36567K [0x00000000e0000000, 0x00000000f8300000, 0x0000000100000000)
  eden space 269824K, 0% used [0x00000000e0000000,0x00000000e0000000,0x00000000f0780000)
  from space 43520K, 84% used [0x00000000f0780000,0x00000000f2b35e78,0x00000000f3200000)
  to   space 48128K, 0% used [0x00000000f5400000,0x00000000f5400000,0x00000000f8300000)
 ParOldGen       total 148992K, used 79067K [0x00000000a0000000, 0x00000000a9180000, 0x00000000e0000000)
  object space 148992K, 53% used [0x00000000a0000000,0x00000000a4d36ce8,0x00000000a9180000)
 Metaspace       used 84657K, capacity 88056K, committed 88216K, reserved 1126400K
  class space    used 11137K, capacity 11847K, committed 11944K, reserved 1048576K
}
Event: 276.344 GC heap before
{Heap before GC invocations=21 (full 3):
 PSYoungGen      total 313344K, used 306391K [0x00000000e0000000, 0x00000000f8300000, 0x0000000100000000)
  eden space 269824K, 100% used [0x00000000e0000000,0x00000000f0780000,0x00000000f0780000)
  from space 43520K, 84% used [0x00000000f0780000,0x00000000f2b35e78,0x00000000f3200000)
  to   space 48128K, 0% used [0x00000000f5400000,0x00000000f5400000,0x00000000f8300000)
 ParOldGen       total 148992K, used 79067K [0x00000000a0000000, 0x00000000a9180000, 0x00000000e0000000)
  object space 148992K, 53% used [0x00000000a0000000,0x00000000a4d36ce8,0x00000000a9180000)
 Metaspace       used 85226K, capacity 88672K, committed 88984K, reserved 1126400K
  class space    used 11142K, capacity 11853K, committed 11944K, reserved 1048576K
Event: 276.396 GC heap after
Heap after GC invocations=21 (full 3):
 PSYoungGen      total 340992K, used 47243K [0x00000000e0000000, 0x00000000f9580000, 0x0000000100000000)
  eden space 292864K, 0% used [0x00000000e0000000,0x00000000e0000000,0x00000000f1e00000)
  from space 48128K, 98% used [0x00000000f5400000,0x00000000f8222ed8,0x00000000f8300000)
  to   space 55296K, 0% used [0x00000000f1e00000,0x00000000f1e00000,0x00000000f5400000)
 ParOldGen       total 148992K, used 79075K [0x00000000a0000000, 0x00000000a9180000, 0x00000000e0000000)
  object space 148992K, 53% used [0x00000000a0000000,0x00000000a4d38ce8,0x00000000a9180000)
 Metaspace       used 85226K, capacity 88672K, committed 88984K, reserved 1126400K
  class space    used 11142K, capacity 11853K, committed 11944K, reserved 1048576K
}
Event: 3001.744 GC heap before
{Heap before GC invocations=22 (full 3):
 PSYoungGen      total 340992K, used 340107K [0x00000000e0000000, 0x00000000f9580000, 0x0000000100000000)
  eden space 292864K, 100% used [0x00000000e0000000,0x00000000f1e00000,0x00000000f1e00000)
  from space 48128K, 98% used [0x00000000f5400000,0x00000000f8222ed8,0x00000000f8300000)
  to   space 55296K, 0% used [0x00000000f1e00000,0x00000000f1e00000,0x00000000f5400000)
 ParOldGen       total 148992K, used 79075K [0x00000000a0000000, 0x00000000a9180000, 0x00000000e0000000)
  object space 148992K, 53% used [0x00000000a0000000,0x00000000a4d38ce8,0x00000000a9180000)
 Metaspace       used 86099K, capacity 89594K, committed 89752K, reserved 1126400K
  class space    used 11159K, capacity 11880K, committed 11944K, reserved 1048576K
Event: 3001.786 GC heap after
Heap after GC invocations=22 (full 3):
 PSYoungGen      total 321536K, used 38855K [0x00000000e0000000, 0x00000000f8500000, 0x0000000100000000)
  eden space 282624K, 0% used [0x00000000e0000000,0x00000000e0000000,0x00000000f1400000)
  from space 38912K, 99% used [0x00000000f1e00000,0x00000000f43f1e88,0x00000000f4400000)
  to   space 57856K, 0% used [0x00000000f4c80000,0x00000000f4c80000,0x00000000f8500000)
 ParOldGen       total 148992K, used 79083K [0x00000000a0000000, 0x00000000a9180000, 0x00000000e0000000)
  object space 148992K, 53% used [0x00000000a0000000,0x00000000a4d3ace8,0x00000000a9180000)
 Metaspace       used 86099K, capacity 89594K, committed 89752K, reserved 1126400K
  class space    used 11159K, capacity 11880K, committed 11944K, reserved 1048576K
}
Event: 3006.641 GC heap before
{Heap before GC invocations=23 (full 3):
 PSYoungGen      total 321536K, used 321479K [0x00000000e0000000, 0x00000000f8500000, 0x0000000100000000)
  eden space 282624K, 100% used [0x00000000e0000000,0x00000000f1400000,0x00000000f1400000)
  from space 38912K, 99% used [0x00000000f1e00000,0x00000000f43f1e88,0x00000000f4400000)
  to   space 57856K, 0% used [0x00000000f4c80000,0x00000000f4c80000,0x00000000f8500000)
 ParOldGen       total 148992K, used 79083K [0x00000000a0000000, 0x00000000a9180000, 0x00000000e0000000)
  object space 148992K, 53% used [0x00000000a0000000,0x00000000a4d3ace8,0x00000000a9180000)
 Metaspace       used 86433K, capacity 90002K, committed 90264K, reserved 1128448K
  class space    used 11161K, capacity 11884K, committed 11944K, reserved 1048576K
Event: 3006.684 GC heap after
Heap after GC invocations=23 (full 3):
 PSYoungGen      total 330752K, used 46402K [0x00000000e0000000, 0x00000000f8580000, 0x0000000100000000)
  eden space 272896K, 0% used [0x00000000e0000000,0x00000000e0000000,0x00000000f0a80000)
  from space 57856K, 80% used [0x00000000f4c80000,0x00000000f79d0888,0x00000000f8500000)
  to   space 62976K, 0% used [0x00000000f0a80000,0x00000000f0a80000,0x00000000f4800000)
 ParOldGen       total 148992K, used 79091K [0x00000000a0000000, 0x00000000a9180000, 0x00000000e0000000)
  object space 148992K, 53% used [0x00000000a0000000,0x00000000a4d3cce8,0x00000000a9180000)
 Metaspace       used 86433K, capacity 90002K, committed 90264K, reserved 1128448K
  class space    used 11161K, capacity 11884K, committed 11944K, reserved 1048576K
}
Event: 3132.776 GC heap before
{Heap before GC invocations=24 (full 3):
 PSYoungGen      total 330752K, used 319298K [0x00000000e0000000, 0x00000000f8580000, 0x0000000100000000)
  eden space 272896K, 100% used [0x00000000e0000000,0x00000000f0a80000,0x00000000f0a80000)
  from space 57856K, 80% used [0x00000000f4c80000,0x00000000f79d0888,0x00000000f8500000)
  to   space 62976K, 0% used [0x00000000f0a80000,0x00000000f0a80000,0x00000000f4800000)
 ParOldGen       total 148992K, used 79091K [0x00000000a0000000, 0x00000000a9180000, 0x00000000e0000000)
  object space 148992K, 53% used [0x00000000a0000000,0x00000000a4d3cce8,0x00000000a9180000)
 Metaspace       used 86918K, capacity 90516K, committed 90776K, reserved 1128448K
  class space    used 11189K, capacity 11935K, committed 11944K, reserved 1048576K

Deoptimization events (10 events):
Event: 3012.739 Thread 0x000000001a0e8800 Uncommon trap: reason=array_check action=maybe_recompile pc=0x0000000004416f68 method=java.util.TimSort.reverseRange([Ljava/lang/Object;II)V @ 27
Event: 3012.759 Thread 0x000000001a0e8800 Uncommon trap: reason=unstable_if action=reinterpret pc=0x0000000005e6326c method=com.android.tools.r8.graph.DexEncodedField.hasAnnotation()Z @ 7
Event: 3012.759 Thread 0x000000001a0e8800 Uncommon trap: reason=unstable_if action=reinterpret pc=0x0000000005e60498 method=com.android.tools.r8.graph.DexEncodedField.hasAnnotation()Z @ 7
Event: 3012.923 Thread 0x000000001cabf800 Uncommon trap: reason=unstable_if action=reinterpret pc=0x0000000005a4285c method=sun.util.calendar.BaseCalendar$Date.hit(J)Z @ 15
Event: 3013.257 Thread 0x000000001cabf800 Uncommon trap: reason=unstable_if action=reinterpret pc=0x0000000003d77840 method=java.lang.ref.SoftReference.get()Ljava/lang/Object; @ 6
Event: 3013.289 Thread 0x000000001cabf800 Uncommon trap: reason=bimorphic action=maybe_recompile pc=0x000000000500a220 method=java.util.TimSort.mergeLo(IIII)V @ 189
Event: 3013.296 Thread 0x000000001cabf800 Uncommon trap: reason=class_check action=maybe_recompile pc=0x00000000044980f8 method=com.android.tools.build.apkzlib.zip.ZipField.checkVerifiesInvariants(J)V @ 25
Event: 3013.435 Thread 0x000000001cab4800 Uncommon trap: reason=unstable_if action=reinterpret pc=0x0000000005a18ec8 method=java.util.Arrays.equals([Ljava/lang/Object;[Ljava/lang/Object;)Z @ 12
Event: 3013.435 Thread 0x000000001cab4800 Uncommon trap: reason=unstable_if action=reinterpret pc=0x00000000044aa7bc method=java.lang.ref.SoftReference.get()Ljava/lang/Object; @ 6
Event: 3131.168 Thread 0x000000001a0df800 Uncommon trap: reason=class_check action=maybe_recompile pc=0x00000000059e74a0 method=java.lang.reflect.Array.newInstance(Ljava/lang/Class;I)Ljava/lang/Object; @ 2

Classes redefined (0 events):
No events

Internal exceptions (10 events):
Event: 3132.774 Thread 0x000000001a0e1000 Exception <a 'sun/nio/fs/WindowsException'> (0x00000000f0a13738) thrown at [C:\src\AOSP-openjdk-git\hotspot\src\share\vm\prims\jni.cpp, line 710]
Event: 3132.774 Thread 0x000000001a0e1000 Exception <a 'sun/nio/fs/WindowsException'> (0x00000000f0a14138) thrown at [C:\src\AOSP-openjdk-git\hotspot\src\share\vm\prims\jni.cpp, line 710]
Event: 3132.774 Thread 0x000000001a0e1000 Exception <a 'sun/nio/fs/WindowsException'> (0x00000000f0a172d8) thrown at [C:\src\AOSP-openjdk-git\hotspot\src\share\vm\prims\jni.cpp, line 710]
Event: 3132.774 Thread 0x000000001a0e1000 Exception <a 'sun/nio/fs/WindowsException'> (0x00000000f0a17cd8) thrown at [C:\src\AOSP-openjdk-git\hotspot\src\share\vm\prims\jni.cpp, line 710]
Event: 3132.774 Thread 0x000000001a0e1000 Exception <a 'sun/nio/fs/WindowsException'> (0x00000000f0a19f68) thrown at [C:\src\AOSP-openjdk-git\hotspot\src\share\vm\prims\jni.cpp, line 710]
Event: 3132.775 Thread 0x000000001a0e1000 Exception <a 'sun/nio/fs/WindowsException'> (0x00000000f0a1a968) thrown at [C:\src\AOSP-openjdk-git\hotspot\src\share\vm\prims\jni.cpp, line 710]
Event: 3132.775 Thread 0x000000001a0e1000 Exception <a 'sun/nio/fs/WindowsException'> (0x00000000f0a1db38) thrown at [C:\src\AOSP-openjdk-git\hotspot\src\share\vm\prims\jni.cpp, line 710]
Event: 3132.775 Thread 0x000000001a0e1000 Exception <a 'sun/nio/fs/WindowsException'> (0x00000000f0a1e538) thrown at [C:\src\AOSP-openjdk-git\hotspot\src\share\vm\prims\jni.cpp, line 710]
Event: 3132.775 Thread 0x000000001a0e1000 Exception <a 'sun/nio/fs/WindowsException'> (0x00000000f0a207a0) thrown at [C:\src\AOSP-openjdk-git\hotspot\src\share\vm\prims\jni.cpp, line 710]
Event: 3132.775 Thread 0x000000001a0e1000 Exception <a 'sun/nio/fs/WindowsException'> (0x00000000f0a211a0) thrown at [C:\src\AOSP-openjdk-git\hotspot\src\share\vm\prims\jni.cpp, line 710]

Events (10 events):
Event: 3131.210 Thread 0x000000001a0eb000 Thread added: 0x000000001a0eb000
Event: 3131.211 Thread 0x000000001a0ec800 Thread added: 0x000000001a0ec800
Event: 3131.245 Thread 0x000000001a0ed800 Thread added: 0x000000001a0ed800
Event: 3131.245 Thread 0x000000001cab3000 Thread added: 0x000000001cab3000
Event: 3131.245 Thread 0x000000001cab6000 Thread added: 0x000000001cab6000
Event: 3131.245 Thread 0x000000001cab3800 Thread added: 0x000000001cab3800
Event: 3131.247 Executing VM operation: RevokeBias
Event: 3131.247 Executing VM operation: RevokeBias done
Event: 3131.281 Thread 0x000000001cab1800 Thread added: 0x000000001cab1800
Event: 3132.776 Executing VM operation: ParallelGCFailedAllocation


Dynamic libraries:
0x00007ff6ab8a0000 - 0x00007ff6ab8d1000 	C:\Program Files\Android\Android Studio\jre\bin\java.exe
0x00007ffa7fcc0000 - 0x00007ffa7feb0000 	C:\WINDOWS\SYSTEM32\ntdll.dll
0x00007ffa7ece0000 - 0x00007ffa7ed92000 	C:\WINDOWS\System32\KERNEL32.DLL
0x00007ffa7ce40000 - 0x00007ffa7d0e5000 	C:\WINDOWS\System32\KERNELBASE.dll
0x00007ffa7f420000 - 0x00007ffa7f4c3000 	C:\WINDOWS\System32\ADVAPI32.dll
0x00007ffa7f110000 - 0x00007ffa7f1ae000 	C:\WINDOWS\System32\msvcrt.dll
0x00007ffa7e4e0000 - 0x00007ffa7e577000 	C:\WINDOWS\System32\sechost.dll
0x00007ffa7dfe0000 - 0x00007ffa7e0ff000 	C:\WINDOWS\System32\RPCRT4.dll
0x00007ffa7f280000 - 0x00007ffa7f414000 	C:\WINDOWS\System32\USER32.dll
0x00007ffa7d490000 - 0x00007ffa7d4b1000 	C:\WINDOWS\System32\win32u.dll
0x00007ffa7e100000 - 0x00007ffa7e126000 	C:\WINDOWS\System32\GDI32.dll
0x00007ffa7d1f0000 - 0x00007ffa7d388000 	C:\WINDOWS\System32\gdi32full.dll
0x00007ffa7dc40000 - 0x00007ffa7dcde000 	C:\WINDOWS\System32\msvcp_win.dll
0x00007ffa7d390000 - 0x00007ffa7d48a000 	C:\WINDOWS\System32\ucrtbase.dll
0x00007ffa5b1b0000 - 0x00007ffa5b434000 	C:\WINDOWS\WinSxS\amd64_microsoft.windows.common-controls_6595b64144ccf1df_6.0.18362.1440_none_9e7dbfb9e45e8e67\COMCTL32.dll
0x00007ffa7f940000 - 0x00007ffa7fc76000 	C:\WINDOWS\System32\combase.dll
0x00007ffa7dce0000 - 0x00007ffa7dd61000 	C:\WINDOWS\System32\bcryptPrimitives.dll
0x00007ffa7e490000 - 0x00007ffa7e4be000 	C:\WINDOWS\System32\IMM32.DLL
0x0000000060260000 - 0x0000000060332000 	C:\Program Files\Android\Android Studio\jre\jre\bin\msvcr100.dll
0x000000005f5f0000 - 0x000000005fe3b000 	C:\Program Files\Android\Android Studio\jre\jre\bin\server\jvm.dll
0x00007ffa7e480000 - 0x00007ffa7e488000 	C:\WINDOWS\System32\PSAPI.DLL
0x00007ffa77280000 - 0x00007ffa772a4000 	C:\WINDOWS\SYSTEM32\WINMM.dll
0x00007ffa73990000 - 0x00007ffa7399a000 	C:\WINDOWS\SYSTEM32\VERSION.dll
0x00007ffa67f90000 - 0x00007ffa67f99000 	C:\WINDOWS\SYSTEM32\WSOCK32.dll
0x00007ffa7e2e0000 - 0x00007ffa7e34f000 	C:\WINDOWS\System32\WS2_32.dll
0x00007ffa76a10000 - 0x00007ffa76a3d000 	C:\WINDOWS\SYSTEM32\winmmbase.dll
0x00007ffa7d170000 - 0x00007ffa7d1ba000 	C:\WINDOWS\System32\cfgmgr32.dll
0x00007ffa77530000 - 0x00007ffa7753f000 	C:\Program Files\Android\Android Studio\jre\jre\bin\verify.dll
0x00007ffa64d90000 - 0x00007ffa64db9000 	C:\Program Files\Android\Android Studio\jre\jre\bin\java.dll
0x00007ffa6e900000 - 0x00007ffa6e916000 	C:\Program Files\Android\Android Studio\jre\jre\bin\zip.dll
0x00007ffa7e580000 - 0x00007ffa7ec68000 	C:\WINDOWS\System32\SHELL32.dll
0x00007ffa7ddd0000 - 0x00007ffa7de77000 	C:\WINDOWS\System32\shcore.dll
0x00007ffa7d4c0000 - 0x00007ffa7dc3b000 	C:\WINDOWS\System32\windows.storage.dll
0x00007ffa7cbf0000 - 0x00007ffa7cc0e000 	C:\WINDOWS\System32\profapi.dll
0x00007ffa7cba0000 - 0x00007ffa7cbea000 	C:\WINDOWS\System32\powrprof.dll
0x00007ffa7cb70000 - 0x00007ffa7cb80000 	C:\WINDOWS\System32\UMPDC.dll
0x00007ffa7dd70000 - 0x00007ffa7ddc2000 	C:\WINDOWS\System32\shlwapi.dll
0x00007ffa7cc10000 - 0x00007ffa7cc21000 	C:\WINDOWS\System32\kernel.appcore.dll
0x00007ffa7d0f0000 - 0x00007ffa7d107000 	C:\WINDOWS\System32\cryptsp.dll
0x00007ffa78d60000 - 0x00007ffa78d7a000 	C:\Program Files\Android\Android Studio\jre\jre\bin\net.dll
0x00007ffa7c350000 - 0x00007ffa7c3b7000 	C:\WINDOWS\system32\mswsock.dll
0x00007ffa78d40000 - 0x00007ffa78d53000 	C:\Program Files\Android\Android Studio\jre\jre\bin\nio.dll
0x00007ffa65330000 - 0x00007ffa6534e000 	C:\Users\Aw-tish pun\.gradle\native\25\windows-amd64\native-platform.dll
0x00007ffa78d30000 - 0x00007ffa78d3d000 	C:\Program Files\Android\Android Studio\jre\jre\bin\management.dll
0x00007ffa7bed0000 - 0x00007ffa7bf03000 	C:\WINDOWS\system32\rsaenh.dll
0x00007ffa7d1c0000 - 0x00007ffa7d1e6000 	C:\WINDOWS\System32\bcrypt.dll
0x00007ffa7ca50000 - 0x00007ffa7ca75000 	C:\WINDOWS\SYSTEM32\USERENV.dll
0x00007ffa7c520000 - 0x00007ffa7c52c000 	C:\WINDOWS\SYSTEM32\CRYPTBASE.dll
0x00007ffa7c060000 - 0x00007ffa7c09a000 	C:\WINDOWS\SYSTEM32\IPHLPAPI.DLL
0x00007ffa7e350000 - 0x00007ffa7e358000 	C:\WINDOWS\System32\NSI.dll
0x00007ffa74740000 - 0x00007ffa74756000 	C:\WINDOWS\SYSTEM32\dhcpcsvc6.DLL
0x00007ffa74580000 - 0x00007ffa7459c000 	C:\WINDOWS\SYSTEM32\dhcpcsvc.DLL
0x00007ffa7c0a0000 - 0x00007ffa7c16b000 	C:\WINDOWS\SYSTEM32\DNSAPI.dll
0x00007ffa7b410000 - 0x00007ffa7b604000 	C:\WINDOWS\SYSTEM32\dbghelp.dll

VM Arguments:
jvm_args: -Xmx1536m -Dfile.encoding=windows-1252 -Duser.country=US -Duser.language=en -Duser.variant 
java_command: org.gradle.launcher.daemon.bootstrap.GradleDaemon 5.1.1
java_class_path (initial): C:\Users\Aw-tish pun\.gradle\wrapper\dists\gradle-5.1.1-all\97z1ksx6lirer3kbvdnh7jtjg\gradle-5.1.1\lib\gradle-launcher-5.1.1.jar
Launcher Type: SUN_STANDARD

Environment Variables:
PATH=E:\app\Aw-tishpun\product\11.2.0\dbhome_1\bin;C:\Windows\system32;C:\Windows;C:\Windows\System32\Wbem;C:\Windows\System32\WindowsPowerShell\v1.0\;C:\Windows\System32\OpenSSH\;C:\Program Files (x86)\NVIDIA Corporation\PhysX\Common;C:\Program Files\NVIDIA Corporation\NVIDIA NvDLISR;C:\Users\Aw-tish pun\AppData\Local\Android\Sdk\platform-tools;C:\WINDOWS\system32;C:\WINDOWS;C:\WINDOWS\System32\Wbem;C:\WINDOWS\System32\WindowsPowerShell\v1.0\;C:\WINDOWS\System32\OpenSSH\;C:\Program Files\dotnet\;C:\Program Files\Microsoft SQL Server\130\Tools\Binn\;C:\Program Files\Microsoft SQL Server\Client SDK\ODBC\170\Tools\Binn\;C:\Program Files\Microsoft SQL Server\120\Tools\Binn\;C:\Program Files\Microsoft SQL Server\Client SDK\ODBC\110\Tools\Binn\;C:\Program Files (x86)\Microsoft SQL Server\120\Tools\Binn\;C:\Program Files\Microsoft SQL Server\120\DTS\Binn\;C:\Program Files (x86)\Microsoft SQL Server\120\Tools\Binn\ManagementStudio\;C:\Program Files (x86)\Microsoft SQL Server\120\DTS\Binn\;C:\Users\Aw-tish pun\anaconda3\Scripts;C:\Program Files\Git\cmd;C:\Program Files\Java\jdk1.8.0_192\bin;C:\Program Files (x86)\Microsoft SQL Server\150\DTS\Binn\;C:\Program Files\Azure Data Studio\bin;C:\Program Files (x86)\Microsoft SQL Server\150\Tools\Binn\;C:\Program Files\Microsoft SQL Server\150\Tools\Binn\;C:\Program Files\Microsoft SQL Server\150\DTS\Binn\;C:\Users\Aw-tish pun\anaconda3;C:\Users\Aw-tish pun\anaconda3\Library\mingw-w64\bin;C:\Users\Aw-tish pun\anaconda3\Library\usr\bin;C:\Users\Aw-tish pun\anaconda3\Library\bin;C:\Users\Aw-tish pun\anaconda3\Scripts;C:\Users\Aw-tish pun\AppData\Local\Programs\Python\Python39\Scripts\;C:\Users\Aw-tish pun\AppData\Local\Programs\Python\Python39\;C:\Users\Aw-tish pun\AppData\Local\Microsoft\WindowsApps;C:\Users\Aw-tish pun\.dotnet\tools;C:\Users\Aw-tish pun\Documents\PyCharm Community Edition 2020.2.3\bin;;C:\Users\Aw-tish pun\AppData\Local\Programs\Microsoft VS Code\bin;C:\Program Files\Azure Data Studio\bin
USERNAME=Aw-tish pun
OS=Windows_NT
PROCESSOR_IDENTIFIER=Intel64 Family 6 Model 142 Stepping 9, GenuineIntel



---------------  S Y S T E M  ---------------

OS: Windows 10.0 , 64 bit Build 18362 (10.0.18362.1350)

CPU:total 4 (initial active 4) (2 cores per cpu, 2 threads per core) family 6 model 142 stepping 9, cmov, cx8, fxsr, mmx, sse, sse2, sse3, ssse3, sse4.1, sse4.2, popcnt, avx, avx2, aes, clmul, erms, 3dnowpref, lzcnt, ht, tsc, tscinvbit, bmi1, bmi2, adx

Memory: 4k page, physical 8267176k(2098324k free), swap 16393640k(8394240k free)

vm_info: OpenJDK 64-Bit Server VM (25.242-b01) for windows-amd64 JRE (1.8.0_242-release-1644-b01), built by "builder" with MS VC++ 10.0 (VS2010)

time: Tue Apr 06 17:41:46 2021
timezone: Nepal Standard Time
elapsed time: 3132 seconds (0d 0h 52m 12s)

